<?xml version="1.0" encoding="UTF-8"?>
<!-- Generated by org.testng.reporters.JUnitReportReporter -->
<testsuite hostname="Balaji" failures="0" tests="1" name="com.luma.qa.testcases.LoginPageTest" time="6.246" errors="0" timestamp="2023-05-11T13:51:52 IST" skipped="0">
  <testcase classname="com.luma.qa.testcases.LoginPageTest" name="loginPageLandTest" time="6.246"/>
  <system-out/>
</testsuite> <!-- com.luma.qa.testcases.LoginPageTest -->
